❯ node index.js
2023-02-08T10:23:46.610Z INFO webdriver: Initiate new session using the WebDriver protocol
2023-02-08T10:23:46.739Z INFO webdriver: [POST] http://127.0.0.1:4723/session
2023-02-08T10:23:46.740Z INFO webdriver: DATA {
  capabilities: {
    alwaysMatch: {
      platformName: 'TizenTV',
      'appium:automationName': 'TizenTV',
      'appium:deviceName': '172.31.42.205:26101',
      'appium:chromedriverExecutable': '/Users/kushagravarade/Downloads/chromedriver',
      'appium:rcToken': '16085789'
    },
    firstMatch: [ {} ]
  },
  desiredCapabilities: {
    platformName: 'TizenTV',
    'appium:automationName': 'TizenTV',
    'appium:deviceName': '172.31.42.205:26101',
    'appium:chromedriverExecutable': '/Users/kushagravarade/Downloads/chromedriver',
    'appium:rcToken': '16085789'
  }
}
2023-02-08T10:23:46.768Z WARN webdriver: Request failed with status 500 due to An unknown server-side error occurred while processing the command. Original error: Could not find a driver for automationName 'TizenTV' and platformName TizenTV'. Have you installed a driver that supports those capabilities? Run 'appium driver list --installed' to see. (Lower-level error: Could not find installed driver to support given caps)
2023-02-08T10:23:46.768Z INFO webdriver: Retrying 1/3
2023-02-08T10:23:46.768Z INFO webdriver: [POST] http://127.0.0.1:4723/session
2023-02-08T10:23:46.768Z INFO webdriver: DATA {
  capabilities: {
    alwaysMatch: {
      platformName: 'TizenTV',
      'appium:automationName': 'TizenTV',
      'appium:deviceName': '172.31.42.205:26101',
      'appium:chromedriverExecutable': '/Users/kushagravarade/Downloads/chromedriver',
      'appium:rcToken': '16085789'
    },
    firstMatch: [ {} ]
  },
  desiredCapabilities: {
    platformName: 'TizenTV',
    'appium:automationName': 'TizenTV',
    'appium:deviceName': '172.31.42.205:26101',
    'appium:chromedriverExecutable': '/Users/kushagravarade/Downloads/chromedriver',
    'appium:rcToken': '16085789'
  }
}
2023-02-08T10:23:46.776Z WARN webdriver: Request failed with status 500 due to An unknown server-side error occurred while processing the command. Original error: Could not find a driver for automationName 'TizenTV' and platformName TizenTV'. Have you installed a driver that supports those capabilities? Run 'appium driver list --installed' to see. (Lower-level error: Could not find installed driver to support given caps)
2023-02-08T10:23:46.776Z INFO webdriver: Retrying 2/3
2023-02-08T10:23:46.777Z INFO webdriver: [POST] http://127.0.0.1:4723/session
2023-02-08T10:23:46.777Z INFO webdriver: DATA {
  capabilities: {
    alwaysMatch: {
      platformName: 'TizenTV',
      'appium:automationName': 'TizenTV',
      'appium:deviceName': '172.31.42.205:26101',
      'appium:chromedriverExecutable': '/Users/kushagravarade/Downloads/chromedriver',
      'appium:rcToken': '16085789'
    },
    firstMatch: [ {} ]
  },
  desiredCapabilities: {
    platformName: 'TizenTV',
    'appium:automationName': 'TizenTV',
    'appium:deviceName': '172.31.42.205:26101',
    'appium:chromedriverExecutable': '/Users/kushagravarade/Downloads/chromedriver',
    'appium:rcToken': '16085789'
  }
}
2023-02-08T10:23:46.783Z WARN webdriver: Request failed with status 500 due to An unknown server-side error occurred while processing the command. Original error: Could not find a driver for automationName 'TizenTV' and platformName TizenTV'. Have you installed a driver that supports those capabilities? Run 'appium driver list --installed' to see. (Lower-level error: Could not find installed driver to support given caps)
2023-02-08T10:23:46.783Z INFO webdriver: Retrying 3/3
2023-02-08T10:23:46.783Z INFO webdriver: [POST] http://127.0.0.1:4723/session
2023-02-08T10:23:46.783Z INFO webdriver: DATA {
  capabilities: {
    alwaysMatch: {
      platformName: 'TizenTV',
      'appium:automationName': 'TizenTV',
      'appium:deviceName': '172.31.42.205:26101',
      'appium:chromedriverExecutable': '/Users/kushagravarade/Downloads/chromedriver',
      'appium:rcToken': '16085789'
    },
    firstMatch: [ {} ]
  },
  desiredCapabilities: {
    platformName: 'TizenTV',
    'appium:automationName': 'TizenTV',
    'appium:deviceName': '172.31.42.205:26101',
    'appium:chromedriverExecutable': '/Users/kushagravarade/Downloads/chromedriver',
    'appium:rcToken': '16085789'
  }
}
2023-02-08T10:23:46.788Z ERROR webdriver: Request failed with status 500 due to unknown error: An unknown server-side error occurred while processing the command. Original error: Could not find a driver for automationName 'TizenTV' and platformName TizenTV'. Have you installed a driver that supports those capabilities? Run 'appium driver list --installed' to see. (Lower-level error: Could not find installed driver to support given caps)
2023-02-08T10:23:46.788Z ERROR webdriver: unknown error: An unknown server-side error occurred while processing the command. Original error: Could not find a driver for automationName 'TizenTV' and platformName TizenTV'. Have you installed a driver that supports those capabilities? Run 'appium driver list --installed' to see. (Lower-level error: Could not find installed driver to support given caps)
    at getErrorFromResponseBody (file:///Users/kushagravarade/work/appium-drivers/testing_appium_tizen_driver/node_modules/webdriver/build/utils.js:194:12)
    at NodeJSRequest._request (file:///Users/kushagravarade/work/appium-drivers/testing_appium_tizen_driver/node_modules/webdriver/build/request/index.js:164:23)
    at processTicksAndRejections (node:internal/process/task_queues:96:5)
    at async startWebDriverSession (file:///Users/kushagravarade/work/appium-drivers/testing_appium_tizen_driver/node_modules/webdriver/build/utils.js:63:20)
    at async Function.newSession (file:///Users/kushagravarade/work/appium-drivers/testing_appium_tizen_driver/node_modules/webdriver/build/index.js:24:45)
    at async remote (file:///Users/kushagravarade/work/appium-drivers/testing_appium_tizen_driver/node_modules/webdriverio/build/index.js:48:22)
    at async main (/Users/kushagravarade/work/appium-drivers/testing_appium_tizen_driver/index.js:17:20)
file:///Users/kushagravarade/work/appium-drivers/testing_appium_tizen_driver/node_modules/webdriver/build/utils.js:68
        throw new Error('Failed to create session.\n' + message);
              ^

Error: Failed to create session.
An unknown server-side error occurred while processing the command. Original error: Could not find a driver for automationName 'TizenTV' and platformName TizenTV'. Have you installed a driver that supports those capabilities? Run 'appium driver list --installed' to see. (Lower-level error: Could not find installed driver to support given caps)
    at startWebDriverSession (file:///Users/kushagravarade/work/appium-drivers/testing_appium_tizen_driver/node_modules/webdriver/build/utils.js:68:15)
    at processTicksAndRejections (node:internal/process/task_queues:96:5)
    at async Function.newSession (file:///Users/kushagravarade/work/appium-drivers/testing_appium_tizen_driver/node_modules/webdriver/build/index.js:24:45)
    at async remote (file:///Users/kushagravarade/work/appium-drivers/testing_appium_tizen_driver/node_modules/webdriverio/build/index.js:48:22)
    at async main (/Users/kushagravarade/work/appium-drivers/testing_appium_tizen_driver/index.js:17:20)